nohup: ignoring input
2020-04-25 18:52:15.208298: W tensorflow/stream_executor/platform/default/dso_loader.cc:55] Could not load dynamic library 'libnvinfer.so.6'; dlerror: libnvinfer.so.6: cannot open shared object file: No such file or directory
2020-04-25 18:52:15.208439: W tensorflow/stream_executor/platform/default/dso_loader.cc:55] Could not load dynamic library 'libnvinfer_plugin.so.6'; dlerror: libnvinfer_plugin.so.6: cannot open shared object file: No such file or directory
2020-04-25 18:52:15.208451: W tensorflow/compiler/tf2tensorrt/utils/py_utils.cc:30] Cannot dlopen some TensorRT libraries. If you would like to use Nvidia GPU with TensorRT, please make sure the missing libraries mentioned above are installed properly.
{   'file': '/data/madhu/yelp/shen_et_al_data/sentiment.test.0',
    'label': 'negative',
    'truncation': 'head-and-tail'}
There are 4 GPU(s) available.
We will use the GPU: TITAN Xp
Predicting labels for 50,278 test sentences...
    DONE.
'Accuracy: 0.9434742829865945'
{   'file': '/data/madhu/yelp/shen_et_al_data/sentiment.test.1',
    'label': 'positive',
    'truncation': 'head-and-tail'}
There are 4 GPU(s) available.
We will use the GPU: TITAN Xp
Predicting labels for 76,392 test sentences...
    DONE.
'Accuracy: 0.9741334171117394'
