nohup: ignoring input
2020-04-18 18:33:14.588032: W tensorflow/stream_executor/platform/default/dso_loader.cc:55] Could not load dynamic library 'libnvinfer.so.6'; dlerror: libnvinfer.so.6: cannot open shared object file: No such file or directory
2020-04-18 18:33:14.588140: W tensorflow/stream_executor/platform/default/dso_loader.cc:55] Could not load dynamic library 'libnvinfer_plugin.so.6'; dlerror: libnvinfer_plugin.so.6: cannot open shared object file: No such file or directory
2020-04-18 18:33:14.588152: W tensorflow/compiler/tf2tensorrt/utils/py_utils.cc:30] Cannot dlopen some TensorRT libraries. If you would like to use Nvidia GPU with TensorRT, please make sure the missing libraries mentioned above are installed properly.
There are 4 GPU(s) available.
We will use the GPU: TITAN Xp
Loading BERT tokenizer...
9,000 training samples
1,000 validation samples

======== Epoch 1 / 4 ========
Training...
  Batch    40  of  1,125.    Elapsed: 0:00:17.
  Batch    80  of  1,125.    Elapsed: 0:00:35.
  Batch   120  of  1,125.    Elapsed: 0:00:53.
  Batch   160  of  1,125.    Elapsed: 0:01:12.
  Batch   200  of  1,125.    Elapsed: 0:01:30.
  Batch   240  of  1,125.    Elapsed: 0:01:49.
  Batch   280  of  1,125.    Elapsed: 0:02:07.
  Batch   320  of  1,125.    Elapsed: 0:02:25.
  Batch   360  of  1,125.    Elapsed: 0:02:43.
  Batch   400  of  1,125.    Elapsed: 0:03:02.
  Batch   440  of  1,125.    Elapsed: 0:03:20.
  Batch   480  of  1,125.    Elapsed: 0:03:38.
  Batch   520  of  1,125.    Elapsed: 0:03:57.
  Batch   560  of  1,125.    Elapsed: 0:04:15.
  Batch   600  of  1,125.    Elapsed: 0:04:33.
  Batch   640  of  1,125.    Elapsed: 0:04:52.
  Batch   680  of  1,125.    Elapsed: 0:05:10.
  Batch   720  of  1,125.    Elapsed: 0:05:28.
  Batch   760  of  1,125.    Elapsed: 0:05:46.
  Batch   800  of  1,125.    Elapsed: 0:06:04.
  Batch   840  of  1,125.    Elapsed: 0:06:22.
  Batch   880  of  1,125.    Elapsed: 0:06:41.
  Batch   920  of  1,125.    Elapsed: 0:06:59.
  Batch   960  of  1,125.    Elapsed: 0:07:17.
  Batch 1,000  of  1,125.    Elapsed: 0:07:36.
  Batch 1,040  of  1,125.    Elapsed: 0:07:54.
  Batch 1,080  of  1,125.    Elapsed: 0:08:12.
  Batch 1,120  of  1,125.    Elapsed: 0:08:30.

  Average training loss: 0.19
  Training epcoh took: 0:08:32

Running Validation...
  Accuracy: 0.96
  Validation Loss: 0.16
  Validation took: 0:00:19

======== Epoch 2 / 4 ========
Training...
  Batch    40  of  1,125.    Elapsed: 0:00:18.
  Batch    80  of  1,125.    Elapsed: 0:00:37.
  Batch   120  of  1,125.    Elapsed: 0:00:55.
  Batch   160  of  1,125.    Elapsed: 0:01:13.
  Batch   200  of  1,125.    Elapsed: 0:01:32.
  Batch   240  of  1,125.    Elapsed: 0:01:50.
  Batch   280  of  1,125.    Elapsed: 0:02:08.
  Batch   320  of  1,125.    Elapsed: 0:02:27.
  Batch   360  of  1,125.    Elapsed: 0:02:45.
  Batch   400  of  1,125.    Elapsed: 0:03:03.
  Batch   440  of  1,125.    Elapsed: 0:03:21.
  Batch   480  of  1,125.    Elapsed: 0:03:40.
  Batch   520  of  1,125.    Elapsed: 0:03:58.
  Batch   560  of  1,125.    Elapsed: 0:04:16.
  Batch   600  of  1,125.    Elapsed: 0:04:34.
  Batch   640  of  1,125.    Elapsed: 0:04:53.
  Batch   680  of  1,125.    Elapsed: 0:05:11.
  Batch   720  of  1,125.    Elapsed: 0:05:29.
  Batch   760  of  1,125.    Elapsed: 0:05:47.
  Batch   800  of  1,125.    Elapsed: 0:06:05.
  Batch   840  of  1,125.    Elapsed: 0:06:23.
  Batch   880  of  1,125.    Elapsed: 0:06:41.
  Batch   920  of  1,125.    Elapsed: 0:07:00.
  Batch   960  of  1,125.    Elapsed: 0:07:18.
  Batch 1,000  of  1,125.    Elapsed: 0:07:36.
  Batch 1,040  of  1,125.    Elapsed: 0:07:54.
  Batch 1,080  of  1,125.    Elapsed: 0:08:12.
  Batch 1,120  of  1,125.    Elapsed: 0:08:30.

  Average training loss: 0.07
  Training epcoh took: 0:08:32

Running Validation...
  Accuracy: 0.96
  Validation Loss: 0.25
  Validation took: 0:00:19

======== Epoch 3 / 4 ========
Training...
  Batch    40  of  1,125.    Elapsed: 0:00:19.
  Batch    80  of  1,125.    Elapsed: 0:00:37.
  Batch   120  of  1,125.    Elapsed: 0:00:56.
  Batch   160  of  1,125.    Elapsed: 0:01:14.
  Batch   200  of  1,125.    Elapsed: 0:01:32.
  Batch   240  of  1,125.    Elapsed: 0:01:50.
  Batch   280  of  1,125.    Elapsed: 0:02:09.
  Batch   320  of  1,125.    Elapsed: 0:02:28.
  Batch   360  of  1,125.    Elapsed: 0:02:46.
  Batch   400  of  1,125.    Elapsed: 0:03:04.
  Batch   440  of  1,125.    Elapsed: 0:03:22.
  Batch   480  of  1,125.    Elapsed: 0:03:41.
  Batch   520  of  1,125.    Elapsed: 0:03:59.
  Batch   560  of  1,125.    Elapsed: 0:04:17.
  Batch   600  of  1,125.    Elapsed: 0:04:35.
  Batch   640  of  1,125.    Elapsed: 0:04:53.
  Batch   680  of  1,125.    Elapsed: 0:05:12.
  Batch   720  of  1,125.    Elapsed: 0:05:30.
  Batch   760  of  1,125.    Elapsed: 0:05:48.
  Batch   800  of  1,125.    Elapsed: 0:06:06.
  Batch   840  of  1,125.    Elapsed: 0:06:25.
  Batch   880  of  1,125.    Elapsed: 0:06:43.
  Batch   920  of  1,125.    Elapsed: 0:07:01.
  Batch   960  of  1,125.    Elapsed: 0:07:20.
  Batch 1,000  of  1,125.    Elapsed: 0:07:38.
  Batch 1,040  of  1,125.    Elapsed: 0:07:56.
  Batch 1,080  of  1,125.    Elapsed: 0:08:14.
  Batch 1,120  of  1,125.    Elapsed: 0:08:33.

  Average training loss: 0.03
  Training epcoh took: 0:08:35

Running Validation...
  Accuracy: 0.97
  Validation Loss: 0.22
  Validation took: 0:00:19

======== Epoch 4 / 4 ========
Training...
  Batch    40  of  1,125.    Elapsed: 0:00:18.
  Batch    80  of  1,125.    Elapsed: 0:00:37.
  Batch   120  of  1,125.    Elapsed: 0:00:55.
  Batch   160  of  1,125.    Elapsed: 0:01:13.
  Batch   200  of  1,125.    Elapsed: 0:01:31.
  Batch   240  of  1,125.    Elapsed: 0:01:49.
  Batch   280  of  1,125.    Elapsed: 0:02:08.
  Batch   320  of  1,125.    Elapsed: 0:02:26.
  Batch   360  of  1,125.    Elapsed: 0:02:44.
  Batch   400  of  1,125.    Elapsed: 0:03:02.
  Batch   440  of  1,125.    Elapsed: 0:03:20.
  Batch   480  of  1,125.    Elapsed: 0:03:39.
  Batch   520  of  1,125.    Elapsed: 0:03:57.
  Batch   560  of  1,125.    Elapsed: 0:04:15.
  Batch   600  of  1,125.    Elapsed: 0:04:33.
  Batch   640  of  1,125.    Elapsed: 0:04:52.
  Batch   680  of  1,125.    Elapsed: 0:05:10.
  Batch   720  of  1,125.    Elapsed: 0:05:28.
  Batch   760  of  1,125.    Elapsed: 0:05:46.
  Batch   800  of  1,125.    Elapsed: 0:06:05.
  Batch   840  of  1,125.    Elapsed: 0:06:23.
  Batch   880  of  1,125.    Elapsed: 0:06:41.
  Batch   920  of  1,125.    Elapsed: 0:07:00.
  Batch   960  of  1,125.    Elapsed: 0:07:18.
  Batch 1,000  of  1,125.    Elapsed: 0:07:37.
  Batch 1,040  of  1,125.    Elapsed: 0:07:55.
  Batch 1,080  of  1,125.    Elapsed: 0:08:13.
  Batch 1,120  of  1,125.    Elapsed: 0:08:31.

  Average training loss: 0.01
  Training epcoh took: 0:08:34

Running Validation...
  Accuracy: 0.96
  Validation Loss: 0.25
  Validation took: 0:00:19

Training complete!
Total training took 0:35:33 (h:mm:ss)
